This is pdfTeX, Version 3.141592653-2.6-1.40.22 (TeX Live 2022/dev/Debian) (preloaded format=pdflatex 2024.3.27)  30 MAR 2024 21:15
entering extended mode
 restricted \write18 enabled.
 file:line:error style messages enabled.
 %&-line parsing enabled.
**"/home/xuyuan/Desktop/ECON 504/Replication-Econometrics/manuscript/jfm-instructions.tex"
(/home/xuyuan/Desktop/ECON 504/Replication-Econometrics/manuscript/jfm-instructions.tex
LaTeX2e <2021-11-15> patch level 1
L3 programming layer <2022-01-21> (./jfm.cls
Document Class: jfm 2007/03/13 v1.28 Journal of Fluid Mechanics document class
(/usr/share/texlive/texmf-dist/tex/latex/graphics/graphicx.sty
Package: graphicx 2021/09/16 v1.2d Enhanced LaTeX Graphics (DPC,SPQR)
 (/usr/share/texlive/texmf-dist/tex/latex/graphics/keyval.sty
Package: keyval 2014/10/28 v1.15 key=value parser (DPC)
\KV@toks@=\toks16
) (/usr/share/texlive/texmf-dist/tex/latex/graphics/graphics.sty
Package: graphics 2021/03/04 v1.4d Standard LaTeX Graphics (DPC,SPQR)
 (/usr/share/texlive/texmf-dist/tex/latex/graphics/trig.sty
Package: trig 2021/08/11 v1.11 sin cos tan (DPC)
) (/usr/share/texlive/texmf-dist/tex/latex/graphics-cfg/graphics.cfg
File: graphics.cfg 2016/06/04 v1.11 sample graphics configuration
)
Package graphics Info: Driver file: pdftex.def on input line 107.
 (/usr/share/texlive/texmf-dist/tex/latex/graphics-def/pdftex.def
File: pdftex.def 2020/10/05 v1.2a Graphics/color driver for pdftex
))
\Gin@req@height=\dimen138
\Gin@req@width=\dimen139
) (/usr/share/texlive/texmf-dist/tex/latex/etoolbox/etoolbox.sty
Package: etoolbox 2020/10/05 v2.5k e-TeX tools for LaTeX (JAW)
\etb@tempcnta=\count185
)
LaTeX Info: Redefining \textsfbi on input line 184.
LaTeX Font Info:    Redeclaring math alphabet \mathsfbi on input line 184.
LaTeX Font Info:    Overwriting math alphabet `\mathsfbi' in version `normal'
(Font)                  OT1/cmss/m/sl --> T1/phv/b/it on input line 184.
LaTeX Font Info:    Overwriting math alphabet `\mathsfbi' in version `bold'
(Font)                  OT1/cmss/m/sl --> T1/phv/b/it on input line 184.
LaTeX Info: Redefining \textsfbi on input line 188.
LaTeX Font Info:    Redeclaring math alphabet \mathsfbi on input line 188.
LaTeX Font Info:    Overwriting math alphabet `\mathsfbi' in version `normal'
(Font)                  T1/phv/b/it --> OT1/phv/b/it on input line 188.
LaTeX Font Info:    Overwriting math alphabet `\mathsfbi' in version `bold'
(Font)                  T1/phv/b/it --> OT1/phv/b/it on input line 188.
\halflineskip=\skip47
\affilskip=\skip48
\c@part=\count186
\c@section=\count187
\c@subsection=\count188
\c@subsubsection=\count189
\c@paragraph=\count190
\@indentskip=\skip49
\smallindent=\skip50
\@footindent=\skip51
\@leftskip=\skip52
\proofbox=\box50
\rpbdim=\skip53
\@stequation=\toks17
\c@subequation=\count191
\c@table=\count192
\c@figure=\count193
LaTeX Info: Redefining \cite on input line 1164.
\astrutbox=\box51


Found the 'amsbsy' package on the system, using it.

(/usr/share/texlive/texmf-dist/tex/latex/amsmath/amsbsy.sty
Package: amsbsy 1999/11/29 v1.2d Bold Symbols
 (/usr/share/texlive/texmf-dist/tex/latex/amsmath/amsgen.sty
File: amsgen.sty 1999/11/30 v2.0 generic functions
\@emptytoks=\toks18
\ex@=\dimen140
)
\pmbraise@=\dimen141
)


Found AMS Euler Roman fonts on the system, but you dont seem to have the
'upmath' package installed. JFM.cls can take advantage of these fonts,
if you use 'upmath' package.




Found AMS Symbol fonts on the system, using the 'amssymb' package.

(/usr/share/texlive/texmf-dist/tex/latex/amsfonts/amssymb.sty
Package: amssymb 2013/01/14 v3.01 AMS font symbols
 (/usr/share/texlive/texmf-dist/tex/latex/amsfonts/amsfonts.sty
Package: amsfonts 2013/01/14 v3.01 Basic AMSFonts support
\symAMSa=\mathgroup4
\symAMSb=\mathgroup5
LaTeX Font Info:    Redeclaring math symbol \hbar on input line 98.
LaTeX Font Info:    Overwriting math alphabet `\mathfrak' in version `bold'
(Font)                  U/euf/m/n --> U/euf/b/n on input line 106.
))) (/usr/share/texlive/texmf-dist/tex/latex/geometry/geometry.sty
Package: geometry 2020/01/02 v5.9 Page Geometry
 (/usr/share/texlive/texmf-dist/tex/generic/iftex/ifvtex.sty
Package: ifvtex 2019/10/25 v1.7 ifvtex legacy package. Use iftex instead.
 (/usr/share/texlive/texmf-dist/tex/generic/iftex/iftex.sty
Package: iftex 2020/03/06 v1.0d TeX engine tests
))
\Gm@cnth=\count194
\Gm@cntv=\count195
\c@Gm@tempcnt=\count196
\Gm@bindingoffset=\dimen142
\Gm@wd@mp=\dimen143
\Gm@odd@mp=\dimen144
\Gm@even@mp=\dimen145
\Gm@layoutwidth=\dimen146
\Gm@layoutheight=\dimen147
\Gm@layouthoffset=\dimen148
\Gm@layoutvoffset=\dimen149
\Gm@dimlist=\toks19
) (/usr/share/texlive/texmf-dist/tex/latex/booktabs/booktabs.sty
Package: booktabs 2020/01/12 v1.61803398 Publication quality tables
\heavyrulewidth=\dimen150
\lightrulewidth=\dimen151
\cmidrulewidth=\dimen152
\belowrulesep=\dimen153
\belowbottomsep=\dimen154
\aboverulesep=\dimen155
\abovetopsep=\dimen156
\cmidrulesep=\dimen157
\cmidrulekern=\dimen158
\defaultaddspace=\dimen159
\@cmidla=\count197
\@cmidlb=\count198
\@aboverulesep=\dimen160
\@belowrulesep=\dimen161
\@thisruleclass=\count199
\@lastruleclass=\count266
\@thisrulewidth=\dimen162
) (/usr/share/texlive/texmf-dist/tex/latex/hyperref/hyperref.sty
Package: hyperref 2021-06-07 v7.00m Hypertext links for LaTeX
 (/usr/share/texlive/texmf-dist/tex/generic/ltxcmds/ltxcmds.sty
Package: ltxcmds 2020-05-10 v1.25 LaTeX kernel commands for general use (HO)
) (/usr/share/texlive/texmf-dist/tex/generic/pdftexcmds/pdftexcmds.sty
Package: pdftexcmds 2020-06-27 v0.33 Utility functions of pdfTeX for LuaTeX (HO)
 (/usr/share/texlive/texmf-dist/tex/generic/infwarerr/infwarerr.sty
Package: infwarerr 2019/12/03 v1.5 Providing info/warning/error messages (HO)
)
Package pdftexcmds Info: \pdf@primitive is available.
Package pdftexcmds Info: \pdf@ifprimitive is available.
Package pdftexcmds Info: \pdfdraftmode found.
) (/usr/share/texlive/texmf-dist/tex/generic/kvsetkeys/kvsetkeys.sty
Package: kvsetkeys 2019/12/15 v1.18 Key value parser (HO)
) (/usr/share/texlive/texmf-dist/tex/generic/kvdefinekeys/kvdefinekeys.sty
Package: kvdefinekeys 2019-12-19 v1.6 Define keys (HO)
) (/usr/share/texlive/texmf-dist/tex/generic/pdfescape/pdfescape.sty
Package: pdfescape 2019/12/09 v1.15 Implements pdfTeX's escape features (HO)
) (/usr/share/texlive/texmf-dist/tex/latex/hycolor/hycolor.sty
Package: hycolor 2020-01-27 v1.10 Color options for hyperref/bookmark (HO)
) (/usr/share/texlive/texmf-dist/tex/latex/letltxmacro/letltxmacro.sty
Package: letltxmacro 2019/12/03 v1.6 Let assignment for LaTeX macros (HO)
) (/usr/share/texlive/texmf-dist/tex/latex/auxhook/auxhook.sty
Package: auxhook 2019-12-17 v1.6 Hooks for auxiliary files (HO)
) (/usr/share/texlive/texmf-dist/tex/latex/kvoptions/kvoptions.sty
Package: kvoptions 2020-10-07 v3.14 Key value format for package options (HO)
)
\@linkdim=\dimen163
\Hy@linkcounter=\count267
\Hy@pagecounter=\count268
 (/usr/share/texlive/texmf-dist/tex/latex/hyperref/pd1enc.def
File: pd1enc.def 2021-06-07 v7.00m Hyperref: PDFDocEncoding definition (HO)
Now handling font encoding PD1 ...
... no UTF-8 mapping file for font encoding PD1
) (/usr/share/texlive/texmf-dist/tex/latex/hyperref/hyperref-langpatches.def
File: hyperref-langpatches.def 2021-06-07 v7.00m Hyperref: patches for babel languages
) (/usr/share/texlive/texmf-dist/tex/generic/intcalc/intcalc.sty
Package: intcalc 2019/12/15 v1.3 Expandable calculations with integers (HO)
) (/usr/share/texlive/texmf-dist/tex/generic/etexcmds/etexcmds.sty
Package: etexcmds 2019/12/15 v1.7 Avoid name clashes with e-TeX commands (HO)
)
\Hy@SavedSpaceFactor=\count269
 (/usr/share/texlive/texmf-dist/tex/latex/hyperref/puenc.def
File: puenc.def 2021-06-07 v7.00m Hyperref: PDF Unicode definition (HO)
Now handling font encoding PU ...
... no UTF-8 mapping file for font encoding PU
)
Package hyperref Info: Hyper figures OFF on input line 4192.
Package hyperref Info: Link nesting OFF on input line 4197.
Package hyperref Info: Hyper index ON on input line 4200.
Package hyperref Info: Plain pages OFF on input line 4207.
Package hyperref Info: Backreferencing OFF on input line 4212.
Package hyperref Info: Implicit mode ON; LaTeX internals redefined.
Package hyperref Info: Bookmarks ON on input line 4445.
\c@Hy@tempcnt=\count270
 (/usr/share/texlive/texmf-dist/tex/latex/url/url.sty
\Urlmuskip=\muskip16
Package: url 2013/09/16  ver 3.4  Verb mode for urls, etc.
)
LaTeX Info: Redefining \url on input line 4804.
\XeTeXLinkMargin=\dimen164
 (/usr/share/texlive/texmf-dist/tex/generic/bitset/bitset.sty
Package: bitset 2019/12/09 v1.3 Handle bit-vector datatype (HO)
 (/usr/share/texlive/texmf-dist/tex/generic/bigintcalc/bigintcalc.sty
Package: bigintcalc 2019/12/15 v1.5 Expandable calculations on big integers (HO)
))
\Fld@menulength=\count271
\Field@Width=\dimen165
\Fld@charsize=\dimen166
Package hyperref Info: Hyper figures OFF on input line 6076.
Package hyperref Info: Link nesting OFF on input line 6081.
Package hyperref Info: Hyper index ON on input line 6084.
Package hyperref Info: backreferencing OFF on input line 6091.
Package hyperref Info: Link coloring OFF on input line 6096.
Package hyperref Info: Link coloring with OCG OFF on input line 6101.
Package hyperref Info: PDF/A mode OFF on input line 6106.
LaTeX Info: Redefining \ref on input line 6146.
LaTeX Info: Redefining \pageref on input line 6150.
 (/usr/share/texlive/texmf-dist/tex/latex/base/atbegshi-ltx.sty
Package: atbegshi-ltx 2021/01/10 v1.0c Emulation of the original atbegshi
package with kernel methods
)
\Hy@abspage=\count272
\c@Item=\count273
\c@Hfootnote=\count274
)
Package hyperref Info: Driver (autodetected): hpdftex.
 (/usr/share/texlive/texmf-dist/tex/latex/hyperref/hpdftex.def
File: hpdftex.def 2021-06-07 v7.00m Hyperref driver for pdfTeX
 (/usr/share/texlive/texmf-dist/tex/latex/base/atveryend-ltx.sty
Package: atveryend-ltx 2020/08/19 v1.0a Emulation of the original atveryend package
with kernel methods
)
\Fld@listcount=\count275
\c@bookmark@seq@number=\count276
 (/usr/share/texlive/texmf-dist/tex/latex/rerunfilecheck/rerunfilecheck.sty
Package: rerunfilecheck 2019/12/05 v1.9 Rerun checks for auxiliary files (HO)
 (/usr/share/texlive/texmf-dist/tex/generic/uniquecounter/uniquecounter.sty
Package: uniquecounter 2019/12/15 v1.4 Provide unlimited unique counter (HO)
)
Package uniquecounter Info: New unique counter `rerunfilecheck' on input line 286.
)
\Hy@SectionHShift=\skip54
) (/usr/share/texlive/texmf-dist/tex/latex/psnfss/mathptmx.sty
Package: mathptmx 2020/03/25 PSNFSS-v9.3 Times w/ Math, improved (SPQR, WaS) 
LaTeX Font Info:    Redeclaring symbol font `operators' on input line 28.
LaTeX Font Info:    Overwriting symbol font `operators' in version `normal'
(Font)                  OT1/cmr/m/n --> OT1/ztmcm/m/n on input line 28.
LaTeX Font Info:    Overwriting symbol font `operators' in version `bold'
(Font)                  OT1/cmr/bx/n --> OT1/ztmcm/m/n on input line 28.
LaTeX Font Info:    Redeclaring symbol font `letters' on input line 29.
LaTeX Font Info:    Overwriting symbol font `letters' in version `normal'
(Font)                  OML/cmm/m/it --> OML/ztmcm/m/it on input line 29.
LaTeX Font Info:    Overwriting symbol font `letters' in version `bold'
(Font)                  OML/cmm/b/it --> OML/ztmcm/m/it on input line 29.
LaTeX Font Info:    Redeclaring symbol font `symbols' on input line 30.
LaTeX Font Info:    Overwriting symbol font `symbols' in version `normal'
(Font)                  OMS/cmsy/m/n --> OMS/ztmcm/m/n on input line 30.
LaTeX Font Info:    Overwriting symbol font `symbols' in version `bold'
(Font)                  OMS/cmsy/b/n --> OMS/ztmcm/m/n on input line 30.
LaTeX Font Info:    Redeclaring symbol font `largesymbols' on input line 31.
LaTeX Font Info:    Overwriting symbol font `largesymbols' in version `normal'
(Font)                  OMX/cmex/m/n --> OMX/ztmcm/m/n on input line 31.
LaTeX Font Info:    Overwriting symbol font `largesymbols' in version `bold'
(Font)                  OMX/cmex/m/n --> OMX/ztmcm/m/n on input line 31.
\symbold=\mathgroup6
\symitalic=\mathgroup7
LaTeX Font Info:    Redeclaring math alphabet \mathbf on input line 34.
LaTeX Font Info:    Overwriting math alphabet `\mathbf' in version `normal'
(Font)                  OT1/cmr/bx/n --> OT1/ptm/bx/n on input line 34.
LaTeX Font Info:    Overwriting math alphabet `\mathbf' in version `bold'
(Font)                  OT1/cmr/bx/n --> OT1/ptm/bx/n on input line 34.
LaTeX Font Info:    Redeclaring math alphabet \mathit on input line 35.
LaTeX Font Info:    Overwriting math alphabet `\mathit' in version `normal'
(Font)                  OT1/cmr/m/it --> OT1/ptm/m/it on input line 35.
LaTeX Font Info:    Overwriting math alphabet `\mathit' in version `bold'
(Font)                  OT1/cmr/bx/it --> OT1/ptm/m/it on input line 35.
LaTeX Info: Redefining \hbar on input line 50.
) (/usr/share/texlive/texmf-dist/tex/latex/pdfpages/pdfpages.sty
Package: pdfpages 2022/01/29 v0.5u Insert pages of external PDF documents (AM)
 (/usr/share/texlive/texmf-dist/tex/latex/base/ifthen.sty
Package: ifthen 2020/11/24 v1.1c Standard LaTeX ifthen package (DPC)
) (/usr/share/texlive/texmf-dist/tex/latex/tools/calc.sty
Package: calc 2017/05/25 v4.3 Infix arithmetic (KKT,FJ)
\calc@Acount=\count277
\calc@Bcount=\count278
\calc@Adimen=\dimen167
\calc@Bdimen=\dimen168
\calc@Askip=\skip55
\calc@Bskip=\skip56
LaTeX Info: Redefining \setlength on input line 80.
LaTeX Info: Redefining \addtolength on input line 81.
\calc@Ccount=\count279
\calc@Cskip=\skip57
) (/usr/share/texlive/texmf-dist/tex/latex/eso-pic/eso-pic.sty
Package: eso-pic 2020/10/14 v3.0a eso-pic (RN)
\ESO@tempdima=\dimen169
\ESO@tempdimb=\dimen170
 (/usr/share/texlive/texmf-dist/tex/latex/xcolor/xcolor.sty
Package: xcolor 2021/10/31 v2.13 LaTeX color extensions (UK)
 (/usr/share/texlive/texmf-dist/tex/latex/graphics-cfg/color.cfg
File: color.cfg 2016/01/02 v1.6 sample color configuration
)
Package xcolor Info: Driver file: pdftex.def on input line 227.
Package xcolor Info: Model `cmy' substituted by `cmy0' on input line 1352.
Package xcolor Info: Model `hsb' substituted by `rgb' on input line 1356.
Package xcolor Info: Model `RGB' extended on input line 1368.
Package xcolor Info: Model `HTML' substituted by `rgb' on input line 1370.
Package xcolor Info: Model `Hsb' substituted by `hsb' on input line 1371.
Package xcolor Info: Model `tHsb' substituted by `hsb' on input line 1372.
Package xcolor Info: Model `HSB' substituted by `hsb' on input line 1373.
Package xcolor Info: Model `Gray' substituted by `gray' on input line 1374.
Package xcolor Info: Model `wave' substituted by `hsb' on input line 1375.
))
\AM@pagewidth=\dimen171
\AM@pageheight=\dimen172
\AM@fboxrule=\dimen173
 (/usr/share/texlive/texmf-dist/tex/latex/pdfpages/pppdftex.def
File: pppdftex.def 2022/01/29 v0.5u Pdfpages driver for pdfTeX (AM)
)
\pdfpages@includegraphics@status=\count280
\AM@pagebox=\box52
\AM@global@opts=\toks20
\AM@pagecnt=\count281
\AM@toc@title=\toks21
\c@AM@survey=\count282
\AM@templatesizebox=\box53
) (/usr/share/texlive/texmf-dist/tex/latex/amsmath/amsmath.sty
Package: amsmath 2021/10/15 v2.17l AMS math features
\@mathmargin=\skip58

For additional information on amsmath, use the `?' option.
(/usr/share/texlive/texmf-dist/tex/latex/amsmath/amstext.sty
Package: amstext 2021/08/26 v2.01 AMS text
) (/usr/share/texlive/texmf-dist/tex/latex/amsmath/amsopn.sty
Package: amsopn 2021/08/26 v2.02 operator names
)
\inf@bad=\count283
LaTeX Info: Redefining \frac on input line 234.
\uproot@=\count284
\leftroot@=\count285
LaTeX Info: Redefining \overline on input line 399.
\classnum@=\count286
\DOTSCASE@=\count287
LaTeX Info: Redefining \ldots on input line 496.
LaTeX Info: Redefining \dots on input line 499.
LaTeX Info: Redefining \cdots on input line 620.
\Mathstrutbox@=\box54
\strutbox@=\box55
\big@size=\dimen174
LaTeX Font Info:    Redeclaring font encoding OML on input line 743.
LaTeX Font Info:    Redeclaring font encoding OMS on input line 744.
\macc@depth=\count288
\c@MaxMatrixCols=\count289
\dotsspace@=\muskip17
\c@parentequation=\count290
\dspbrk@lvl=\count291
\tag@help=\toks22
\row@=\count292
\column@=\count293
\maxfields@=\count294
\andhelp@=\toks23
\eqnshift@=\dimen175
\alignsep@=\dimen176
\tagshift@=\dimen177
\tagwidth@=\dimen178
\totwidth@=\dimen179
\lineht@=\dimen180
\@envbody=\toks24
\multlinegap=\skip59
\multlinetaggap=\skip60
\mathdisplay@stack=\toks25
LaTeX Info: Redefining \[ on input line 2938.
LaTeX Info: Redefining \] on input line 2939.
)
Package hyperref Info: Option `colorlinks' set `true' on input line 23.
 (/usr/share/texlive/texmf-dist/tex/latex/listings/listings.sty
\lst@mode=\count295
\lst@gtempboxa=\box56
\lst@token=\toks26
\lst@length=\count296
\lst@currlwidth=\dimen181
\lst@column=\count297
\lst@pos=\count298
\lst@lostspace=\dimen182
\lst@width=\dimen183
\lst@newlines=\count299
\lst@lineno=\count300
\abovecaptionskip=\skip61
\belowcaptionskip=\skip62
\lst@maxwidth=\dimen184
 (/usr/share/texlive/texmf-dist/tex/latex/listings/lstmisc.sty
File: lstmisc.sty 2020/03/24 1.8d (Carsten Heinz)
\c@lstnumber=\count301
\lst@skipnumbers=\count302
\lst@framebox=\box57
) (/usr/share/texlive/texmf-dist/tex/latex/listings/listings.cfg
File: listings.cfg 2020/03/24 1.8d listings configuration
))
Package: listings 2020/03/24 1.8d (Carsten Heinz)
 (./stata-lstlistings.tex) (/usr/share/texlive/texmf-dist/tex/latex/epstopdf-pkg/epstopdf.sty
Package: epstopdf 2020-01-24 v2.11 Conversion with epstopdf on the fly (HO)
 (/usr/share/texlive/texmf-dist/tex/latex/grfext/grfext.sty
Package: grfext 2019/12/03 v1.3 Manage graphics extensions (HO)
) (/usr/share/texlive/texmf-dist/tex/latex/epstopdf-pkg/epstopdf-base.sty
Package: epstopdf-base 2020-01-24 v2.11 Base part for package epstopdf
Package epstopdf-base Info: Redefining graphics rule for `.eps' on input line 485.
Package grfext Info: Graphics extension search list:
(grfext)             [.pdf,.png,.jpg,.mps,.jpeg,.jbig2,.jb2,.PDF,.PNG,.JPG,.JPEG,.JBIG2,.JB2,.eps]
(grfext)             \AppendGraphicsExtensions on input line 504.
 (/usr/share/texlive/texmf-dist/tex/latex/latexconfig/epstopdf-sys.cfg
File: epstopdf-sys.cfg 2010/07/13 v1.3 Configuration of (r)epstopdf for TeX Live
))) (/usr/share/texlive/texmf-dist/tex/latex/graphics/epsfig.sty
Package: epsfig 2017/06/25 v1.7b (e)psfig emulation (SPQR)
\epsfxsize=\dimen185
\epsfysize=\dimen186
) (/usr/share/texlive/texmf-dist/tex/latex/natbib/natbib.sty
Package: natbib 2010/09/13 8.31b (PWD, AO)
\bibhang=\skip63
\bibsep=\skip64
LaTeX Info: Redefining \cite on input line 694.
\c@NAT@ctr=\count303
)
\c@lemma=\count304
\c@corollary=\count305
LaTeX Font Info:    Trying to load font information for OT1+ptm on input line 72.
 (/usr/share/texlive/texmf-dist/tex/latex/psnfss/ot1ptm.fd
File: ot1ptm.fd 2001/06/04 font definitions for OT1/ptm.
) (/usr/share/texlive/texmf-dist/tex/latex/l3backend/l3backend-pdftex.def
File: l3backend-pdftex.def 2022-01-12 L3 backend support: PDF output (pdfTeX)
\l__color_backend_stack_int=\count306
\l__pdf_internal_box=\box58
)

LaTeX Warning: Unused global option(s):
    [12pt].

(./jfm-instructions.aux)
\openout1 = `jfm-instructions.aux'.

LaTeX Font Info:    Checking defaults for OML/cmm/m/it on input line 72.
LaTeX Font Info:    ... okay on input line 72.
LaTeX Font Info:    Checking defaults for OMS/cmsy/m/n on input line 72.
LaTeX Font Info:    ... okay on input line 72.
LaTeX Font Info:    Checking defaults for OT1/cmr/m/n on input line 72.
LaTeX Font Info:    ... okay on input line 72.
LaTeX Font Info:    Checking defaults for T1/cmr/m/n on input line 72.
LaTeX Font Info:    ... okay on input line 72.
LaTeX Font Info:    Checking defaults for TS1/cmr/m/n on input line 72.
LaTeX Font Info:    ... okay on input line 72.
LaTeX Font Info:    Checking defaults for OMX/cmex/m/n on input line 72.
LaTeX Font Info:    ... okay on input line 72.
LaTeX Font Info:    Checking defaults for U/cmr/m/n on input line 72.
LaTeX Font Info:    ... okay on input line 72.
LaTeX Font Info:    Checking defaults for PD1/pdf/m/n on input line 72.
LaTeX Font Info:    ... okay on input line 72.
LaTeX Font Info:    Checking defaults for PU/pdf/m/n on input line 72.
LaTeX Font Info:    ... okay on input line 72.
 (/usr/share/texlive/texmf-dist/tex/context/base/mkii/supp-pdf.mkii
[Loading MPS to PDF converter (version 2006.09.02).]
\scratchcounter=\count307
\scratchdimen=\dimen187
\scratchbox=\box59
\nofMPsegments=\count308
\nofMParguments=\count309
\everyMPshowfont=\toks27
\MPscratchCnt=\count310
\MPscratchDim=\dimen188
\MPnumerator=\count311
\makeMPintoPDFobject=\count312
\everyMPtoPDFconversion=\toks28
)
*geometry* driver: auto-detecting
*geometry* detected driver: pdftex
*geometry* verbose mode - [ preamble ] result:
* driver: pdftex
* paper: a4paper
* layout: <same size as paper>
* layoutoffset:(h,v)=(0.0pt,0.0pt)
* modes: twoside 
* h-part:(L,W,R)=(42.67912pt, 512.14963pt, 42.67912pt)
* v-part:(T,H,B)=(42.67912pt, 759.6886pt, 42.67912pt)
* \paperwidth=597.50787pt
* \paperheight=845.04684pt
* \textwidth=512.14963pt
* \textheight=759.6886pt
* \oddsidemargin=-29.59087pt
* \evensidemargin=-29.59087pt
* \topmargin=-47.59087pt
* \headheight=12.0pt
* \headsep=6.0pt
* \topskip=12.0pt
* \footskip=0.0pt
* \marginparwidth=56.9055pt
* \marginparsep=10.0pt
* \columnsep=10.0pt
* \skip\footins=9.0pt plus 3.0pt
* \hoffset=0.0pt
* \voffset=0.0pt
* \mag=1000
* \@twocolumnfalse
* \@twosidetrue
* \@mparswitchtrue
* \@reversemarginfalse
* (1in=72.27pt=25.4mm, 1cm=28.453pt)

Package hyperref Info: Link coloring ON on input line 72.
(/usr/share/texlive/texmf-dist/tex/latex/hyperref/nameref.sty
Package: nameref 2021-04-02 v2.47 Cross-referencing by name of section
 (/usr/share/texlive/texmf-dist/tex/latex/refcount/refcount.sty
Package: refcount 2019/12/15 v3.6 Data extraction from label references (HO)
) (/usr/share/texlive/texmf-dist/tex/generic/gettitlestring/gettitlestring.sty
Package: gettitlestring 2019/12/15 v1.6 Cleanup title references (HO)
)
\c@section@level=\count313
)
LaTeX Info: Redefining \ref on input line 72.
LaTeX Info: Redefining \pageref on input line 72.
LaTeX Info: Redefining \nameref on input line 72.
 (./jfm-instructions.out) (./jfm-instructions.out)
\@outlinefile=\write3
\openout3 = `jfm-instructions.out'.

 (/usr/share/texlive/texmf-dist/tex/latex/pdflscape/pdflscape.sty
Package: pdflscape 2019/12/05 v0.12 Display of landscape pages in PDF (HO)
 (/usr/share/texlive/texmf-dist/tex/latex/graphics/lscape.sty
Package: lscape 2020/05/28 v3.02 Landscape Pages (DPC)
)
Package pdflscape Info: Auto-detected driver: pdftex on input line 81.
)
\c@lstlisting=\count314
LaTeX Font Info:    Trying to load font information for OT1+ztmcm on input line 75.
 (/usr/share/texlive/texmf-dist/tex/latex/psnfss/ot1ztmcm.fd
File: ot1ztmcm.fd 2000/01/03 Fontinst v1.801 font definitions for OT1/ztmcm.
)
LaTeX Font Info:    Trying to load font information for OML+ztmcm on input line 75.
 (/usr/share/texlive/texmf-dist/tex/latex/psnfss/omlztmcm.fd
File: omlztmcm.fd 2000/01/03 Fontinst v1.801 font definitions for OML/ztmcm.
)
LaTeX Font Info:    Trying to load font information for OMS+ztmcm on input line 75.
 (/usr/share/texlive/texmf-dist/tex/latex/psnfss/omsztmcm.fd
File: omsztmcm.fd 2000/01/03 Fontinst v1.801 font definitions for OMS/ztmcm.
)
LaTeX Font Info:    Trying to load font information for OMX+ztmcm on input line 75.
 (/usr/share/texlive/texmf-dist/tex/latex/psnfss/omxztmcm.fd
File: omxztmcm.fd 2000/01/03 Fontinst v1.801 font definitions for OMX/ztmcm.
)
LaTeX Font Info:    Font shape `OT1/ptm/bx/n' in size <10.95> not available
(Font)              Font shape `OT1/ptm/b/n' tried instead on input line 75.
LaTeX Font Info:    Font shape `OT1/ptm/bx/n' in size <8> not available
(Font)              Font shape `OT1/ptm/b/n' tried instead on input line 75.
LaTeX Font Info:    Font shape `OT1/ptm/bx/n' in size <6> not available
(Font)              Font shape `OT1/ptm/b/n' tried instead on input line 75.
LaTeX Font Info:    Font shape `OT1/ptm/bx/n' in size <9> not available
(Font)              Font shape `OT1/ptm/b/n' tried instead on input line 75.
LaTeX Font Info:    Font shape `OT1/ptm/bx/n' in size <7> not available
(Font)              Font shape `OT1/ptm/b/n' tried instead on input line 75.
LaTeX Font Info:    Font shape `OT1/ptm/bx/n' in size <5> not available
(Font)              Font shape `OT1/ptm/b/n' tried instead on input line 75.
LaTeX Font Info:    Font shape `OT1/ptm/bx/n' in size <10> not available
(Font)              Font shape `OT1/ptm/b/n' tried instead on input line 96.
LaTeX Font Info:    Font shape `OT1/ptm/bx/n' in size <7.4> not available
(Font)              Font shape `OT1/ptm/b/n' tried instead on input line 96.
 (./Tables/baseline_check.tex)
Underfull \hbox (badness 10000) has occurred while \output is active

 []

[1{/var/lib/texmf/fonts/map/pdftex/updmap/pdftex.map}
Non-PDF special ignored!
<special> papersize=174mm,247mm
] (./Tables/contamination_of_the_randomization.tex)
Overfull \hbox (0.94267pt too wide) in paragraph at lines 1--126
 [] 
 []

[2] (./Tables/did_result.tex) [3] (./Tables/ddd.tex)
Underfull \vbox (badness 2343) has occurred while \output is active []

 [4] (./jfm-instructions.bbl) [5]
Package hyperref Info: bookmark level for unknown lstlisting defaults to 0 on input line 204.
 (../codes/replication-code.do [6]
Underfull \vbox (badness 10000) has occurred while \output is active []

 [7]
LaTeX Font Info:    Trying to load font information for TS1+cmtt on input line 102.
 (/usr/share/texlive/texmf-dist/tex/latex/base/ts1cmtt.fd
File: ts1cmtt.fd 2019/12/16 v2.5j Standard LaTeX font definitions
)
Underfull \vbox (badness 10000) has occurred while \output is active []

 [8]
Underfull \vbox (badness 10000) has occurred while \output is active []

 [9])
<log_file/Replication_v2.log.pdf, id=340, 614.295pt x 794.97pt>
File: log_file/Replication_v2.log.pdf Graphic file (type pdf)
<use log_file/Replication_v2.log.pdf>
Package pdftex.def Info: log_file/Replication_v2.log.pdf  used on input line 207.
(pdftex.def)             Requested size: 614.29349pt x 794.96806pt.
File: log_file/Replication_v2.log.pdf Graphic file (type pdf)
<use log_file/Replication_v2.log.pdf>
Package pdftex.def Info: log_file/Replication_v2.log.pdf  used on input line 207.
(pdftex.def)             Requested size: 614.29349pt x 794.96806pt.
<log_file/Replication_v2.log.pdf, id=343, page=1, 614.295pt x 794.97pt>
File: log_file/Replication_v2.log.pdf Graphic file (type pdf)
<use log_file/Replication_v2.log.pdf, page 1>
Package pdftex.def Info: log_file/Replication_v2.log.pdf , page1 used on input line 207.
(pdftex.def)             Requested size: 614.29349pt x 794.96806pt.
File: log_file/Replication_v2.log.pdf Graphic file (type pdf)
<use log_file/Replication_v2.log.pdf, page 1>
Package pdftex.def Info: log_file/Replication_v2.log.pdf , page1 used on input line 207.
(pdftex.def)             Requested size: 597.78697pt x 773.60669pt.
 [10]
File: log_file/Replication_v2.log.pdf Graphic file (type pdf)
<use log_file/Replication_v2.log.pdf, page 1>
Package pdftex.def Info: log_file/Replication_v2.log.pdf , page1 used on input line 207.
(pdftex.def)             Requested size: 597.78697pt x 773.60669pt.
File: log_file/Replication_v2.log.pdf Graphic file (type pdf)
<use log_file/Replication_v2.log.pdf, page 1>
Package pdftex.def Info: log_file/Replication_v2.log.pdf , page1 used on input line 207.
(pdftex.def)             Requested size: 597.78697pt x 773.60669pt.
File: log_file/Replication_v2.log.pdf Graphic file (type pdf)
<use log_file/Replication_v2.log.pdf, page 1>
Package pdftex.def Info: log_file/Replication_v2.log.pdf , page1 used on input line 207.
(pdftex.def)             Requested size: 597.78697pt x 773.60669pt.
 [11 <./log_file/Replication_v2.log.pdf>]
<log_file/Replication_v2.log.pdf, id=404, page=2, 614.295pt x 794.97pt>
File: log_file/Replication_v2.log.pdf Graphic file (type pdf)
<use log_file/Replication_v2.log.pdf, page 2>
Package pdftex.def Info: log_file/Replication_v2.log.pdf , page2 used on input line 207.
(pdftex.def)             Requested size: 597.78697pt x 773.60669pt.
File: log_file/Replication_v2.log.pdf Graphic file (type pdf)
<use log_file/Replication_v2.log.pdf, page 2>
Package pdftex.def Info: log_file/Replication_v2.log.pdf , page2 used on input line 207.
(pdftex.def)             Requested size: 597.78697pt x 773.60669pt.
File: log_file/Replication_v2.log.pdf Graphic file (type pdf)
<use log_file/Replication_v2.log.pdf, page 2>
Package pdftex.def Info: log_file/Replication_v2.log.pdf , page2 used on input line 207.
(pdftex.def)             Requested size: 597.78697pt x 773.60669pt.
 [12 <./log_file/Replication_v2.log.pdf>]
<log_file/Replication_v2.log.pdf, id=410, page=3, 614.295pt x 794.97pt>
File: log_file/Replication_v2.log.pdf Graphic file (type pdf)
<use log_file/Replication_v2.log.pdf, page 3>
Package pdftex.def Info: log_file/Replication_v2.log.pdf , page3 used on input line 207.
(pdftex.def)             Requested size: 597.78697pt x 773.60669pt.
File: log_file/Replication_v2.log.pdf Graphic file (type pdf)
<use log_file/Replication_v2.log.pdf, page 3>
Package pdftex.def Info: log_file/Replication_v2.log.pdf , page3 used on input line 207.
(pdftex.def)             Requested size: 597.78697pt x 773.60669pt.
File: log_file/Replication_v2.log.pdf Graphic file (type pdf)
<use log_file/Replication_v2.log.pdf, page 3>
Package pdftex.def Info: log_file/Replication_v2.log.pdf , page3 used on input line 207.
(pdftex.def)             Requested size: 597.78697pt x 773.60669pt.
 [13 <./log_file/Replication_v2.log.pdf>]
<log_file/Replication_v2.log.pdf, id=417, page=4, 614.295pt x 794.97pt>
File: log_file/Replication_v2.log.pdf Graphic file (type pdf)
<use log_file/Replication_v2.log.pdf, page 4>
Package pdftex.def Info: log_file/Replication_v2.log.pdf , page4 used on input line 207.
(pdftex.def)             Requested size: 597.78697pt x 773.60669pt.
File: log_file/Replication_v2.log.pdf Graphic file (type pdf)
<use log_file/Replication_v2.log.pdf, page 4>
Package pdftex.def Info: log_file/Replication_v2.log.pdf , page4 used on input line 207.
(pdftex.def)             Requested size: 597.78697pt x 773.60669pt.
File: log_file/Replication_v2.log.pdf Graphic file (type pdf)
<use log_file/Replication_v2.log.pdf, page 4>
Package pdftex.def Info: log_file/Replication_v2.log.pdf , page4 used on input line 207.
(pdftex.def)             Requested size: 597.78697pt x 773.60669pt.
 [14 <./log_file/Replication_v2.log.pdf>]
<log_file/Replication_v2.log.pdf, id=423, page=5, 614.295pt x 794.97pt>
File: log_file/Replication_v2.log.pdf Graphic file (type pdf)
<use log_file/Replication_v2.log.pdf, page 5>
Package pdftex.def Info: log_file/Replication_v2.log.pdf , page5 used on input line 207.
(pdftex.def)             Requested size: 597.78697pt x 773.60669pt.
File: log_file/Replication_v2.log.pdf Graphic file (type pdf)
<use log_file/Replication_v2.log.pdf, page 5>
Package pdftex.def Info: log_file/Replication_v2.log.pdf , page5 used on input line 207.
(pdftex.def)             Requested size: 597.78697pt x 773.60669pt.
File: log_file/Replication_v2.log.pdf Graphic file (type pdf)
<use log_file/Replication_v2.log.pdf, page 5>
Package pdftex.def Info: log_file/Replication_v2.log.pdf , page5 used on input line 207.
(pdftex.def)             Requested size: 597.78697pt x 773.60669pt.
 [15 <./log_file/Replication_v2.log.pdf>]
<log_file/Replication_v2.log.pdf, id=429, page=6, 614.295pt x 794.97pt>
File: log_file/Replication_v2.log.pdf Graphic file (type pdf)
<use log_file/Replication_v2.log.pdf, page 6>
Package pdftex.def Info: log_file/Replication_v2.log.pdf , page6 used on input line 207.
(pdftex.def)             Requested size: 597.78697pt x 773.60669pt.
File: log_file/Replication_v2.log.pdf Graphic file (type pdf)
<use log_file/Replication_v2.log.pdf, page 6>
Package pdftex.def Info: log_file/Replication_v2.log.pdf , page6 used on input line 207.
(pdftex.def)             Requested size: 597.78697pt x 773.60669pt.
File: log_file/Replication_v2.log.pdf Graphic file (type pdf)
<use log_file/Replication_v2.log.pdf, page 6>
Package pdftex.def Info: log_file/Replication_v2.log.pdf , page6 used on input line 207.
(pdftex.def)             Requested size: 597.78697pt x 773.60669pt.
 [16 <./log_file/Replication_v2.log.pdf>]
<log_file/Replication_v2.log.pdf, id=435, page=7, 614.295pt x 794.97pt>
File: log_file/Replication_v2.log.pdf Graphic file (type pdf)
<use log_file/Replication_v2.log.pdf, page 7>
Package pdftex.def Info: log_file/Replication_v2.log.pdf , page7 used on input line 207.
(pdftex.def)             Requested size: 597.78697pt x 773.60669pt.
File: log_file/Replication_v2.log.pdf Graphic file (type pdf)
<use log_file/Replication_v2.log.pdf, page 7>
Package pdftex.def Info: log_file/Replication_v2.log.pdf , page7 used on input line 207.
(pdftex.def)             Requested size: 597.78697pt x 773.60669pt.
File: log_file/Replication_v2.log.pdf Graphic file (type pdf)
<use log_file/Replication_v2.log.pdf, page 7>
Package pdftex.def Info: log_file/Replication_v2.log.pdf , page7 used on input line 207.
(pdftex.def)             Requested size: 597.78697pt x 773.60669pt.
 [17 <./log_file/Replication_v2.log.pdf>]
<log_file/Replication_v2.log.pdf, id=441, page=8, 614.295pt x 794.97pt>
File: log_file/Replication_v2.log.pdf Graphic file (type pdf)
<use log_file/Replication_v2.log.pdf, page 8>
Package pdftex.def Info: log_file/Replication_v2.log.pdf , page8 used on input line 207.
(pdftex.def)             Requested size: 597.78697pt x 773.60669pt.
File: log_file/Replication_v2.log.pdf Graphic file (type pdf)
<use log_file/Replication_v2.log.pdf, page 8>
Package pdftex.def Info: log_file/Replication_v2.log.pdf , page8 used on input line 207.
(pdftex.def)             Requested size: 597.78697pt x 773.60669pt.
File: log_file/Replication_v2.log.pdf Graphic file (type pdf)
<use log_file/Replication_v2.log.pdf, page 8>
Package pdftex.def Info: log_file/Replication_v2.log.pdf , page8 used on input line 207.
(pdftex.def)             Requested size: 597.78697pt x 773.60669pt.
 [18 <./log_file/Replication_v2.log.pdf>]
<log_file/Replication_v2.log.pdf, id=447, page=9, 614.295pt x 794.97pt>
File: log_file/Replication_v2.log.pdf Graphic file (type pdf)
<use log_file/Replication_v2.log.pdf, page 9>
Package pdftex.def Info: log_file/Replication_v2.log.pdf , page9 used on input line 207.
(pdftex.def)             Requested size: 597.78697pt x 773.60669pt.
File: log_file/Replication_v2.log.pdf Graphic file (type pdf)
<use log_file/Replication_v2.log.pdf, page 9>
Package pdftex.def Info: log_file/Replication_v2.log.pdf , page9 used on input line 207.
(pdftex.def)             Requested size: 597.78697pt x 773.60669pt.
File: log_file/Replication_v2.log.pdf Graphic file (type pdf)
<use log_file/Replication_v2.log.pdf, page 9>
Package pdftex.def Info: log_file/Replication_v2.log.pdf , page9 used on input line 207.
(pdftex.def)             Requested size: 597.78697pt x 773.60669pt.
 [19 <./log_file/Replication_v2.log.pdf>]
<log_file/Replication_v2.log.pdf, id=454, page=10, 614.295pt x 794.97pt>
File: log_file/Replication_v2.log.pdf Graphic file (type pdf)
<use log_file/Replication_v2.log.pdf, page 10>
Package pdftex.def Info: log_file/Replication_v2.log.pdf , page10 used on input line 207.
(pdftex.def)             Requested size: 597.78697pt x 773.60669pt.
File: log_file/Replication_v2.log.pdf Graphic file (type pdf)
<use log_file/Replication_v2.log.pdf, page 10>
Package pdftex.def Info: log_file/Replication_v2.log.pdf , page10 used on input line 207.
(pdftex.def)             Requested size: 597.78697pt x 773.60669pt.
File: log_file/Replication_v2.log.pdf Graphic file (type pdf)
<use log_file/Replication_v2.log.pdf, page 10>
Package pdftex.def Info: log_file/Replication_v2.log.pdf , page10 used on input line 207.
(pdftex.def)             Requested size: 597.78697pt x 773.60669pt.
 [20 <./log_file/Replication_v2.log.pdf>]
<log_file/Replication_v2.log.pdf, id=460, page=11, 614.295pt x 794.97pt>
File: log_file/Replication_v2.log.pdf Graphic file (type pdf)
<use log_file/Replication_v2.log.pdf, page 11>
Package pdftex.def Info: log_file/Replication_v2.log.pdf , page11 used on input line 207.
(pdftex.def)             Requested size: 597.78697pt x 773.60669pt.
File: log_file/Replication_v2.log.pdf Graphic file (type pdf)
<use log_file/Replication_v2.log.pdf, page 11>
Package pdftex.def Info: log_file/Replication_v2.log.pdf , page11 used on input line 207.
(pdftex.def)             Requested size: 597.78697pt x 773.60669pt.
File: log_file/Replication_v2.log.pdf Graphic file (type pdf)
<use log_file/Replication_v2.log.pdf, page 11>
Package pdftex.def Info: log_file/Replication_v2.log.pdf , page11 used on input line 207.
(pdftex.def)             Requested size: 597.78697pt x 773.60669pt.
 [21 <./log_file/Replication_v2.log.pdf>]
<log_file/Replication_v2.log.pdf, id=466, page=12, 614.295pt x 794.97pt>
File: log_file/Replication_v2.log.pdf Graphic file (type pdf)
<use log_file/Replication_v2.log.pdf, page 12>
Package pdftex.def Info: log_file/Replication_v2.log.pdf , page12 used on input line 207.
(pdftex.def)             Requested size: 597.78697pt x 773.60669pt.
File: log_file/Replication_v2.log.pdf Graphic file (type pdf)
<use log_file/Replication_v2.log.pdf, page 12>
Package pdftex.def Info: log_file/Replication_v2.log.pdf , page12 used on input line 207.
(pdftex.def)             Requested size: 597.78697pt x 773.60669pt.
File: log_file/Replication_v2.log.pdf Graphic file (type pdf)
<use log_file/Replication_v2.log.pdf, page 12>
Package pdftex.def Info: log_file/Replication_v2.log.pdf , page12 used on input line 207.
(pdftex.def)             Requested size: 597.78697pt x 773.60669pt.
 [22 <./log_file/Replication_v2.log.pdf>]
<log_file/Replication_v2.log.pdf, id=473, page=13, 614.295pt x 794.97pt>
File: log_file/Replication_v2.log.pdf Graphic file (type pdf)
<use log_file/Replication_v2.log.pdf, page 13>
Package pdftex.def Info: log_file/Replication_v2.log.pdf , page13 used on input line 207.
(pdftex.def)             Requested size: 597.78697pt x 773.60669pt.
File: log_file/Replication_v2.log.pdf Graphic file (type pdf)
<use log_file/Replication_v2.log.pdf, page 13>
Package pdftex.def Info: log_file/Replication_v2.log.pdf , page13 used on input line 207.
(pdftex.def)             Requested size: 597.78697pt x 773.60669pt.
File: log_file/Replication_v2.log.pdf Graphic file (type pdf)
<use log_file/Replication_v2.log.pdf, page 13>
Package pdftex.def Info: log_file/Replication_v2.log.pdf , page13 used on input line 207.
(pdftex.def)             Requested size: 597.78697pt x 773.60669pt.
 [23 <./log_file/Replication_v2.log.pdf>]
<log_file/Replication_v2.log.pdf, id=479, page=14, 614.295pt x 794.97pt>
File: log_file/Replication_v2.log.pdf Graphic file (type pdf)
<use log_file/Replication_v2.log.pdf, page 14>
Package pdftex.def Info: log_file/Replication_v2.log.pdf , page14 used on input line 207.
(pdftex.def)             Requested size: 597.78697pt x 773.60669pt.
File: log_file/Replication_v2.log.pdf Graphic file (type pdf)
<use log_file/Replication_v2.log.pdf, page 14>
Package pdftex.def Info: log_file/Replication_v2.log.pdf , page14 used on input line 207.
(pdftex.def)             Requested size: 597.78697pt x 773.60669pt.
File: log_file/Replication_v2.log.pdf Graphic file (type pdf)
<use log_file/Replication_v2.log.pdf, page 14>
Package pdftex.def Info: log_file/Replication_v2.log.pdf , page14 used on input line 207.
(pdftex.def)             Requested size: 597.78697pt x 773.60669pt.
 [24 <./log_file/Replication_v2.log.pdf>]
<log_file/Replication_v2.log.pdf, id=485, page=15, 614.295pt x 794.97pt>
File: log_file/Replication_v2.log.pdf Graphic file (type pdf)
<use log_file/Replication_v2.log.pdf, page 15>
Package pdftex.def Info: log_file/Replication_v2.log.pdf , page15 used on input line 207.
(pdftex.def)             Requested size: 597.78697pt x 773.60669pt.
File: log_file/Replication_v2.log.pdf Graphic file (type pdf)
<use log_file/Replication_v2.log.pdf, page 15>
Package pdftex.def Info: log_file/Replication_v2.log.pdf , page15 used on input line 207.
(pdftex.def)             Requested size: 597.78697pt x 773.60669pt.
File: log_file/Replication_v2.log.pdf Graphic file (type pdf)
<use log_file/Replication_v2.log.pdf, page 15>
Package pdftex.def Info: log_file/Replication_v2.log.pdf , page15 used on input line 207.
(pdftex.def)             Requested size: 597.78697pt x 773.60669pt.
 [25 <./log_file/Replication_v2.log.pdf>]
<log_file/Replication_v2.log.pdf, id=492, page=16, 614.295pt x 794.97pt>
File: log_file/Replication_v2.log.pdf Graphic file (type pdf)
<use log_file/Replication_v2.log.pdf, page 16>
Package pdftex.def Info: log_file/Replication_v2.log.pdf , page16 used on input line 207.
(pdftex.def)             Requested size: 597.78697pt x 773.60669pt.
File: log_file/Replication_v2.log.pdf Graphic file (type pdf)
<use log_file/Replication_v2.log.pdf, page 16>
Package pdftex.def Info: log_file/Replication_v2.log.pdf , page16 used on input line 207.
(pdftex.def)             Requested size: 597.78697pt x 773.60669pt.
File: log_file/Replication_v2.log.pdf Graphic file (type pdf)
<use log_file/Replication_v2.log.pdf, page 16>
Package pdftex.def Info: log_file/Replication_v2.log.pdf , page16 used on input line 207.
(pdftex.def)             Requested size: 597.78697pt x 773.60669pt.
 [26 <./log_file/Replication_v2.log.pdf>]
<log_file/Replication_v2.log.pdf, id=498, page=17, 614.295pt x 794.97pt>
File: log_file/Replication_v2.log.pdf Graphic file (type pdf)
<use log_file/Replication_v2.log.pdf, page 17>
Package pdftex.def Info: log_file/Replication_v2.log.pdf , page17 used on input line 207.
(pdftex.def)             Requested size: 597.78697pt x 773.60669pt.
File: log_file/Replication_v2.log.pdf Graphic file (type pdf)
<use log_file/Replication_v2.log.pdf, page 17>
Package pdftex.def Info: log_file/Replication_v2.log.pdf , page17 used on input line 207.
(pdftex.def)             Requested size: 597.78697pt x 773.60669pt.
File: log_file/Replication_v2.log.pdf Graphic file (type pdf)
<use log_file/Replication_v2.log.pdf, page 17>
Package pdftex.def Info: log_file/Replication_v2.log.pdf , page17 used on input line 207.
(pdftex.def)             Requested size: 597.78697pt x 773.60669pt.
 [27 <./log_file/Replication_v2.log.pdf>]
<log_file/Replication_v2.log.pdf, id=504, page=18, 614.295pt x 794.97pt>
File: log_file/Replication_v2.log.pdf Graphic file (type pdf)
<use log_file/Replication_v2.log.pdf, page 18>
Package pdftex.def Info: log_file/Replication_v2.log.pdf , page18 used on input line 207.
(pdftex.def)             Requested size: 597.78697pt x 773.60669pt.
File: log_file/Replication_v2.log.pdf Graphic file (type pdf)
<use log_file/Replication_v2.log.pdf, page 18>
Package pdftex.def Info: log_file/Replication_v2.log.pdf , page18 used on input line 207.
(pdftex.def)             Requested size: 597.78697pt x 773.60669pt.
File: log_file/Replication_v2.log.pdf Graphic file (type pdf)
<use log_file/Replication_v2.log.pdf, page 18>
Package pdftex.def Info: log_file/Replication_v2.log.pdf , page18 used on input line 207.
(pdftex.def)             Requested size: 597.78697pt x 773.60669pt.
 [28 <./log_file/Replication_v2.log.pdf>]
<log_file/Replication_v2.log.pdf, id=510, page=19, 614.295pt x 794.97pt>
File: log_file/Replication_v2.log.pdf Graphic file (type pdf)
<use log_file/Replication_v2.log.pdf, page 19>
Package pdftex.def Info: log_file/Replication_v2.log.pdf , page19 used on input line 207.
(pdftex.def)             Requested size: 597.78697pt x 773.60669pt.
File: log_file/Replication_v2.log.pdf Graphic file (type pdf)
<use log_file/Replication_v2.log.pdf, page 19>
Package pdftex.def Info: log_file/Replication_v2.log.pdf , page19 used on input line 207.
(pdftex.def)             Requested size: 597.78697pt x 773.60669pt.
File: log_file/Replication_v2.log.pdf Graphic file (type pdf)
<use log_file/Replication_v2.log.pdf, page 19>
Package pdftex.def Info: log_file/Replication_v2.log.pdf , page19 used on input line 207.
(pdftex.def)             Requested size: 597.78697pt x 773.60669pt.
 [29 <./log_file/Replication_v2.log.pdf>]
<log_file/Replication_v2.log.pdf, id=516, page=20, 614.295pt x 794.97pt>
File: log_file/Replication_v2.log.pdf Graphic file (type pdf)
<use log_file/Replication_v2.log.pdf, page 20>
Package pdftex.def Info: log_file/Replication_v2.log.pdf , page20 used on input line 207.
(pdftex.def)             Requested size: 597.78697pt x 773.60669pt.
File: log_file/Replication_v2.log.pdf Graphic file (type pdf)
<use log_file/Replication_v2.log.pdf, page 20>
Package pdftex.def Info: log_file/Replication_v2.log.pdf , page20 used on input line 207.
(pdftex.def)             Requested size: 597.78697pt x 773.60669pt.
File: log_file/Replication_v2.log.pdf Graphic file (type pdf)
<use log_file/Replication_v2.log.pdf, page 20>
Package pdftex.def Info: log_file/Replication_v2.log.pdf , page20 used on input line 207.
(pdftex.def)             Requested size: 597.78697pt x 773.60669pt.
 [30 <./log_file/Replication_v2.log.pdf>]
<log_file/Replication_v2.log.pdf, id=522, page=21, 614.295pt x 794.97pt>
File: log_file/Replication_v2.log.pdf Graphic file (type pdf)
<use log_file/Replication_v2.log.pdf, page 21>
Package pdftex.def Info: log_file/Replication_v2.log.pdf , page21 used on input line 207.
(pdftex.def)             Requested size: 597.78697pt x 773.60669pt.
File: log_file/Replication_v2.log.pdf Graphic file (type pdf)
<use log_file/Replication_v2.log.pdf, page 21>
Package pdftex.def Info: log_file/Replication_v2.log.pdf , page21 used on input line 207.
(pdftex.def)             Requested size: 597.78697pt x 773.60669pt.
File: log_file/Replication_v2.log.pdf Graphic file (type pdf)
<use log_file/Replication_v2.log.pdf, page 21>
Package pdftex.def Info: log_file/Replication_v2.log.pdf , page21 used on input line 207.
(pdftex.def)             Requested size: 597.78697pt x 773.60669pt.
 [31 <./log_file/Replication_v2.log.pdf>]
<log_file/Replication_v2.log.pdf, id=529, page=22, 614.295pt x 794.97pt>
File: log_file/Replication_v2.log.pdf Graphic file (type pdf)
<use log_file/Replication_v2.log.pdf, page 22>
Package pdftex.def Info: log_file/Replication_v2.log.pdf , page22 used on input line 207.
(pdftex.def)             Requested size: 597.78697pt x 773.60669pt.
File: log_file/Replication_v2.log.pdf Graphic file (type pdf)
<use log_file/Replication_v2.log.pdf, page 22>
Package pdftex.def Info: log_file/Replication_v2.log.pdf , page22 used on input line 207.
(pdftex.def)             Requested size: 597.78697pt x 773.60669pt.
File: log_file/Replication_v2.log.pdf Graphic file (type pdf)
<use log_file/Replication_v2.log.pdf, page 22>
Package pdftex.def Info: log_file/Replication_v2.log.pdf , page22 used on input line 207.
(pdftex.def)             Requested size: 597.78697pt x 773.60669pt.
 [32 <./log_file/Replication_v2.log.pdf>]
<log_file/Replication_v2.log.pdf, id=535, page=23, 614.295pt x 794.97pt>
File: log_file/Replication_v2.log.pdf Graphic file (type pdf)
<use log_file/Replication_v2.log.pdf, page 23>
Package pdftex.def Info: log_file/Replication_v2.log.pdf , page23 used on input line 207.
(pdftex.def)             Requested size: 597.78697pt x 773.60669pt.
File: log_file/Replication_v2.log.pdf Graphic file (type pdf)
<use log_file/Replication_v2.log.pdf, page 23>
Package pdftex.def Info: log_file/Replication_v2.log.pdf , page23 used on input line 207.
(pdftex.def)             Requested size: 597.78697pt x 773.60669pt.
File: log_file/Replication_v2.log.pdf Graphic file (type pdf)
<use log_file/Replication_v2.log.pdf, page 23>
Package pdftex.def Info: log_file/Replication_v2.log.pdf , page23 used on input line 207.
(pdftex.def)             Requested size: 597.78697pt x 773.60669pt.
 [33 <./log_file/Replication_v2.log.pdf>]
<log_file/Replication_v2.log.pdf, id=541, page=24, 614.295pt x 794.97pt>
File: log_file/Replication_v2.log.pdf Graphic file (type pdf)
<use log_file/Replication_v2.log.pdf, page 24>
Package pdftex.def Info: log_file/Replication_v2.log.pdf , page24 used on input line 207.
(pdftex.def)             Requested size: 597.78697pt x 773.60669pt.
File: log_file/Replication_v2.log.pdf Graphic file (type pdf)
<use log_file/Replication_v2.log.pdf, page 24>
Package pdftex.def Info: log_file/Replication_v2.log.pdf , page24 used on input line 207.
(pdftex.def)             Requested size: 597.78697pt x 773.60669pt.
File: log_file/Replication_v2.log.pdf Graphic file (type pdf)
<use log_file/Replication_v2.log.pdf, page 24>
Package pdftex.def Info: log_file/Replication_v2.log.pdf , page24 used on input line 207.
(pdftex.def)             Requested size: 597.78697pt x 773.60669pt.
 [34 <./log_file/Replication_v2.log.pdf>]
<log_file/Replication_v2.log.pdf, id=547, page=25, 614.295pt x 794.97pt>
File: log_file/Replication_v2.log.pdf Graphic file (type pdf)
<use log_file/Replication_v2.log.pdf, page 25>
Package pdftex.def Info: log_file/Replication_v2.log.pdf , page25 used on input line 207.
(pdftex.def)             Requested size: 597.78697pt x 773.60669pt.
File: log_file/Replication_v2.log.pdf Graphic file (type pdf)
<use log_file/Replication_v2.log.pdf, page 25>
Package pdftex.def Info: log_file/Replication_v2.log.pdf , page25 used on input line 207.
(pdftex.def)             Requested size: 597.78697pt x 773.60669pt.
File: log_file/Replication_v2.log.pdf Graphic file (type pdf)
<use log_file/Replication_v2.log.pdf, page 25>
Package pdftex.def Info: log_file/Replication_v2.log.pdf , page25 used on input line 207.
(pdftex.def)             Requested size: 597.78697pt x 773.60669pt.
 [35 <./log_file/Replication_v2.log.pdf>]
<log_file/Replication_v2.log.pdf, id=553, page=26, 614.295pt x 794.97pt>
File: log_file/Replication_v2.log.pdf Graphic file (type pdf)
<use log_file/Replication_v2.log.pdf, page 26>
Package pdftex.def Info: log_file/Replication_v2.log.pdf , page26 used on input line 207.
(pdftex.def)             Requested size: 597.78697pt x 773.60669pt.
File: log_file/Replication_v2.log.pdf Graphic file (type pdf)
<use log_file/Replication_v2.log.pdf, page 26>
Package pdftex.def Info: log_file/Replication_v2.log.pdf , page26 used on input line 207.
(pdftex.def)             Requested size: 597.78697pt x 773.60669pt.
File: log_file/Replication_v2.log.pdf Graphic file (type pdf)
<use log_file/Replication_v2.log.pdf, page 26>
Package pdftex.def Info: log_file/Replication_v2.log.pdf , page26 used on input line 207.
(pdftex.def)             Requested size: 597.78697pt x 773.60669pt.
 [36 <./log_file/Replication_v2.log.pdf>]
<log_file/Replication_v2.log.pdf, id=559, page=27, 614.295pt x 794.97pt>
File: log_file/Replication_v2.log.pdf Graphic file (type pdf)
<use log_file/Replication_v2.log.pdf, page 27>
Package pdftex.def Info: log_file/Replication_v2.log.pdf , page27 used on input line 207.
(pdftex.def)             Requested size: 597.78697pt x 773.60669pt.
File: log_file/Replication_v2.log.pdf Graphic file (type pdf)
<use log_file/Replication_v2.log.pdf, page 27>
Package pdftex.def Info: log_file/Replication_v2.log.pdf , page27 used on input line 207.
(pdftex.def)             Requested size: 597.78697pt x 773.60669pt.
File: log_file/Replication_v2.log.pdf Graphic file (type pdf)
<use log_file/Replication_v2.log.pdf, page 27>
Package pdftex.def Info: log_file/Replication_v2.log.pdf , page27 used on input line 207.
(pdftex.def)             Requested size: 597.78697pt x 773.60669pt.
 [37 <./log_file/Replication_v2.log.pdf>]
<log_file/Replication_v2.log.pdf, id=566, page=28, 614.295pt x 794.97pt>
File: log_file/Replication_v2.log.pdf Graphic file (type pdf)
<use log_file/Replication_v2.log.pdf, page 28>
Package pdftex.def Info: log_file/Replication_v2.log.pdf , page28 used on input line 207.
(pdftex.def)             Requested size: 597.78697pt x 773.60669pt.
File: log_file/Replication_v2.log.pdf Graphic file (type pdf)
<use log_file/Replication_v2.log.pdf, page 28>
Package pdftex.def Info: log_file/Replication_v2.log.pdf , page28 used on input line 207.
(pdftex.def)             Requested size: 597.78697pt x 773.60669pt.
File: log_file/Replication_v2.log.pdf Graphic file (type pdf)
<use log_file/Replication_v2.log.pdf, page 28>
Package pdftex.def Info: log_file/Replication_v2.log.pdf , page28 used on input line 207.
(pdftex.def)             Requested size: 597.78697pt x 773.60669pt.
 [38 <./log_file/Replication_v2.log.pdf>]
<log_file/Replication_v2.log.pdf, id=572, page=29, 614.295pt x 794.97pt>
File: log_file/Replication_v2.log.pdf Graphic file (type pdf)
<use log_file/Replication_v2.log.pdf, page 29>
Package pdftex.def Info: log_file/Replication_v2.log.pdf , page29 used on input line 207.
(pdftex.def)             Requested size: 597.78697pt x 773.60669pt.
File: log_file/Replication_v2.log.pdf Graphic file (type pdf)
<use log_file/Replication_v2.log.pdf, page 29>
Package pdftex.def Info: log_file/Replication_v2.log.pdf , page29 used on input line 207.
(pdftex.def)             Requested size: 597.78697pt x 773.60669pt.
File: log_file/Replication_v2.log.pdf Graphic file (type pdf)
<use log_file/Replication_v2.log.pdf, page 29>
Package pdftex.def Info: log_file/Replication_v2.log.pdf , page29 used on input line 207.
(pdftex.def)             Requested size: 597.78697pt x 773.60669pt.
 [39 <./log_file/Replication_v2.log.pdf>]
<log_file/Replication_v2.log.pdf, id=578, page=30, 614.295pt x 794.97pt>
File: log_file/Replication_v2.log.pdf Graphic file (type pdf)
<use log_file/Replication_v2.log.pdf, page 30>
Package pdftex.def Info: log_file/Replication_v2.log.pdf , page30 used on input line 207.
(pdftex.def)             Requested size: 597.78697pt x 773.60669pt.
File: log_file/Replication_v2.log.pdf Graphic file (type pdf)
<use log_file/Replication_v2.log.pdf, page 30>
Package pdftex.def Info: log_file/Replication_v2.log.pdf , page30 used on input line 207.
(pdftex.def)             Requested size: 597.78697pt x 773.60669pt.
File: log_file/Replication_v2.log.pdf Graphic file (type pdf)
<use log_file/Replication_v2.log.pdf, page 30>
Package pdftex.def Info: log_file/Replication_v2.log.pdf , page30 used on input line 207.
(pdftex.def)             Requested size: 597.78697pt x 773.60669pt.
 [40 <./log_file/Replication_v2.log.pdf>]
<log_file/Replication_v2.log.pdf, id=584, page=31, 614.295pt x 794.97pt>
File: log_file/Replication_v2.log.pdf Graphic file (type pdf)
<use log_file/Replication_v2.log.pdf, page 31>
Package pdftex.def Info: log_file/Replication_v2.log.pdf , page31 used on input line 207.
(pdftex.def)             Requested size: 597.78697pt x 773.60669pt.
File: log_file/Replication_v2.log.pdf Graphic file (type pdf)
<use log_file/Replication_v2.log.pdf, page 31>
Package pdftex.def Info: log_file/Replication_v2.log.pdf , page31 used on input line 207.
(pdftex.def)             Requested size: 597.78697pt x 773.60669pt.
File: log_file/Replication_v2.log.pdf Graphic file (type pdf)
<use log_file/Replication_v2.log.pdf, page 31>
Package pdftex.def Info: log_file/Replication_v2.log.pdf , page31 used on input line 207.
(pdftex.def)             Requested size: 597.78697pt x 773.60669pt.
 [41 <./log_file/Replication_v2.log.pdf>]
<log_file/Replication_v2.log.pdf, id=590, page=32, 614.295pt x 794.97pt>
File: log_file/Replication_v2.log.pdf Graphic file (type pdf)
<use log_file/Replication_v2.log.pdf, page 32>
Package pdftex.def Info: log_file/Replication_v2.log.pdf , page32 used on input line 207.
(pdftex.def)             Requested size: 597.78697pt x 773.60669pt.
File: log_file/Replication_v2.log.pdf Graphic file (type pdf)
<use log_file/Replication_v2.log.pdf, page 32>
Package pdftex.def Info: log_file/Replication_v2.log.pdf , page32 used on input line 207.
(pdftex.def)             Requested size: 597.78697pt x 773.60669pt.
File: log_file/Replication_v2.log.pdf Graphic file (type pdf)
<use log_file/Replication_v2.log.pdf, page 32>
Package pdftex.def Info: log_file/Replication_v2.log.pdf , page32 used on input line 207.
(pdftex.def)             Requested size: 597.78697pt x 773.60669pt.
 [42 <./log_file/Replication_v2.log.pdf>]
<log_file/Replication_v2.log.pdf, id=596, page=33, 614.295pt x 794.97pt>
File: log_file/Replication_v2.log.pdf Graphic file (type pdf)
<use log_file/Replication_v2.log.pdf, page 33>
Package pdftex.def Info: log_file/Replication_v2.log.pdf , page33 used on input line 207.
(pdftex.def)             Requested size: 597.78697pt x 773.60669pt.
File: log_file/Replication_v2.log.pdf Graphic file (type pdf)
<use log_file/Replication_v2.log.pdf, page 33>
Package pdftex.def Info: log_file/Replication_v2.log.pdf , page33 used on input line 207.
(pdftex.def)             Requested size: 597.78697pt x 773.60669pt.
File: log_file/Replication_v2.log.pdf Graphic file (type pdf)
<use log_file/Replication_v2.log.pdf, page 33>
Package pdftex.def Info: log_file/Replication_v2.log.pdf , page33 used on input line 207.
(pdftex.def)             Requested size: 597.78697pt x 773.60669pt.
 [43 <./log_file/Replication_v2.log.pdf>]
<log_file/Replication_v2.log.pdf, id=603, page=34, 614.295pt x 794.97pt>
File: log_file/Replication_v2.log.pdf Graphic file (type pdf)
<use log_file/Replication_v2.log.pdf, page 34>
Package pdftex.def Info: log_file/Replication_v2.log.pdf , page34 used on input line 207.
(pdftex.def)             Requested size: 597.78697pt x 773.60669pt.
File: log_file/Replication_v2.log.pdf Graphic file (type pdf)
<use log_file/Replication_v2.log.pdf, page 34>
Package pdftex.def Info: log_file/Replication_v2.log.pdf , page34 used on input line 207.
(pdftex.def)             Requested size: 597.78697pt x 773.60669pt.
File: log_file/Replication_v2.log.pdf Graphic file (type pdf)
<use log_file/Replication_v2.log.pdf, page 34>
Package pdftex.def Info: log_file/Replication_v2.log.pdf , page34 used on input line 207.
(pdftex.def)             Requested size: 597.78697pt x 773.60669pt.
 [44 <./log_file/Replication_v2.log.pdf>]
<log_file/Replication_v2.log.pdf, id=609, page=35, 614.295pt x 794.97pt>
File: log_file/Replication_v2.log.pdf Graphic file (type pdf)
<use log_file/Replication_v2.log.pdf, page 35>
Package pdftex.def Info: log_file/Replication_v2.log.pdf , page35 used on input line 207.
(pdftex.def)             Requested size: 597.78697pt x 773.60669pt.
File: log_file/Replication_v2.log.pdf Graphic file (type pdf)
<use log_file/Replication_v2.log.pdf, page 35>
Package pdftex.def Info: log_file/Replication_v2.log.pdf , page35 used on input line 207.
(pdftex.def)             Requested size: 597.78697pt x 773.60669pt.
File: log_file/Replication_v2.log.pdf Graphic file (type pdf)
<use log_file/Replication_v2.log.pdf, page 35>
Package pdftex.def Info: log_file/Replication_v2.log.pdf , page35 used on input line 207.
(pdftex.def)             Requested size: 597.78697pt x 773.60669pt.
 [45 <./log_file/Replication_v2.log.pdf>]
<log_file/Replication_v2.log.pdf, id=615, page=36, 614.295pt x 794.97pt>
File: log_file/Replication_v2.log.pdf Graphic file (type pdf)
<use log_file/Replication_v2.log.pdf, page 36>
Package pdftex.def Info: log_file/Replication_v2.log.pdf , page36 used on input line 207.
(pdftex.def)             Requested size: 597.78697pt x 773.60669pt.
File: log_file/Replication_v2.log.pdf Graphic file (type pdf)
<use log_file/Replication_v2.log.pdf, page 36>
Package pdftex.def Info: log_file/Replication_v2.log.pdf , page36 used on input line 207.
(pdftex.def)             Requested size: 597.78697pt x 773.60669pt.
File: log_file/Replication_v2.log.pdf Graphic file (type pdf)
<use log_file/Replication_v2.log.pdf, page 36>
Package pdftex.def Info: log_file/Replication_v2.log.pdf , page36 used on input line 207.
(pdftex.def)             Requested size: 597.78697pt x 773.60669pt.
 [46 <./log_file/Replication_v2.log.pdf>]
<log_file/Replication_v2.log.pdf, id=621, page=37, 614.295pt x 794.97pt>
File: log_file/Replication_v2.log.pdf Graphic file (type pdf)
<use log_file/Replication_v2.log.pdf, page 37>
Package pdftex.def Info: log_file/Replication_v2.log.pdf , page37 used on input line 207.
(pdftex.def)             Requested size: 597.78697pt x 773.60669pt.
File: log_file/Replication_v2.log.pdf Graphic file (type pdf)
<use log_file/Replication_v2.log.pdf, page 37>
Package pdftex.def Info: log_file/Replication_v2.log.pdf , page37 used on input line 207.
(pdftex.def)             Requested size: 597.78697pt x 773.60669pt.
File: log_file/Replication_v2.log.pdf Graphic file (type pdf)
<use log_file/Replication_v2.log.pdf, page 37>
Package pdftex.def Info: log_file/Replication_v2.log.pdf , page37 used on input line 207.
(pdftex.def)             Requested size: 597.78697pt x 773.60669pt.
 [47 <./log_file/Replication_v2.log.pdf>]
<log_file/Replication_v2.log.pdf, id=628, page=38, 614.295pt x 794.97pt>
File: log_file/Replication_v2.log.pdf Graphic file (type pdf)
<use log_file/Replication_v2.log.pdf, page 38>
Package pdftex.def Info: log_file/Replication_v2.log.pdf , page38 used on input line 207.
(pdftex.def)             Requested size: 597.78697pt x 773.60669pt.
File: log_file/Replication_v2.log.pdf Graphic file (type pdf)
<use log_file/Replication_v2.log.pdf, page 38>
Package pdftex.def Info: log_file/Replication_v2.log.pdf , page38 used on input line 207.
(pdftex.def)             Requested size: 597.78697pt x 773.60669pt.
File: log_file/Replication_v2.log.pdf Graphic file (type pdf)
<use log_file/Replication_v2.log.pdf, page 38>
Package pdftex.def Info: log_file/Replication_v2.log.pdf , page38 used on input line 207.
(pdftex.def)             Requested size: 597.78697pt x 773.60669pt.
 [48 <./log_file/Replication_v2.log.pdf>]
<log_file/Replication_v2.log.pdf, id=634, page=39, 614.295pt x 794.97pt>
File: log_file/Replication_v2.log.pdf Graphic file (type pdf)
<use log_file/Replication_v2.log.pdf, page 39>
Package pdftex.def Info: log_file/Replication_v2.log.pdf , page39 used on input line 207.
(pdftex.def)             Requested size: 597.78697pt x 773.60669pt.
File: log_file/Replication_v2.log.pdf Graphic file (type pdf)
<use log_file/Replication_v2.log.pdf, page 39>
Package pdftex.def Info: log_file/Replication_v2.log.pdf , page39 used on input line 207.
(pdftex.def)             Requested size: 597.78697pt x 773.60669pt.
File: log_file/Replication_v2.log.pdf Graphic file (type pdf)
<use log_file/Replication_v2.log.pdf, page 39>
Package pdftex.def Info: log_file/Replication_v2.log.pdf , page39 used on input line 207.
(pdftex.def)             Requested size: 597.78697pt x 773.60669pt.
 [49 <./log_file/Replication_v2.log.pdf>]
<log_file/Replication_v2.log.pdf, id=641, page=40, 614.295pt x 794.97pt>
File: log_file/Replication_v2.log.pdf Graphic file (type pdf)
<use log_file/Replication_v2.log.pdf, page 40>
Package pdftex.def Info: log_file/Replication_v2.log.pdf , page40 used on input line 207.
(pdftex.def)             Requested size: 597.78697pt x 773.60669pt.
File: log_file/Replication_v2.log.pdf Graphic file (type pdf)
<use log_file/Replication_v2.log.pdf, page 40>
Package pdftex.def Info: log_file/Replication_v2.log.pdf , page40 used on input line 207.
(pdftex.def)             Requested size: 597.78697pt x 773.60669pt.
File: log_file/Replication_v2.log.pdf Graphic file (type pdf)
<use log_file/Replication_v2.log.pdf, page 40>
Package pdftex.def Info: log_file/Replication_v2.log.pdf , page40 used on input line 207.
(pdftex.def)             Requested size: 597.78697pt x 773.60669pt.
 [50 <./log_file/Replication_v2.log.pdf>]
<log_file/Replication_v2.log.pdf, id=647, page=41, 614.295pt x 794.97pt>
File: log_file/Replication_v2.log.pdf Graphic file (type pdf)
<use log_file/Replication_v2.log.pdf, page 41>
Package pdftex.def Info: log_file/Replication_v2.log.pdf , page41 used on input line 207.
(pdftex.def)             Requested size: 597.78697pt x 773.60669pt.
File: log_file/Replication_v2.log.pdf Graphic file (type pdf)
<use log_file/Replication_v2.log.pdf, page 41>
Package pdftex.def Info: log_file/Replication_v2.log.pdf , page41 used on input line 207.
(pdftex.def)             Requested size: 597.78697pt x 773.60669pt.
File: log_file/Replication_v2.log.pdf Graphic file (type pdf)
<use log_file/Replication_v2.log.pdf, page 41>
Package pdftex.def Info: log_file/Replication_v2.log.pdf , page41 used on input line 207.
(pdftex.def)             Requested size: 597.78697pt x 773.60669pt.
 [51 <./log_file/Replication_v2.log.pdf>]
<log_file/Replication_v2.log.pdf, id=653, page=42, 614.295pt x 794.97pt>
File: log_file/Replication_v2.log.pdf Graphic file (type pdf)
<use log_file/Replication_v2.log.pdf, page 42>
Package pdftex.def Info: log_file/Replication_v2.log.pdf , page42 used on input line 207.
(pdftex.def)             Requested size: 597.78697pt x 773.60669pt.
File: log_file/Replication_v2.log.pdf Graphic file (type pdf)
<use log_file/Replication_v2.log.pdf, page 42>
Package pdftex.def Info: log_file/Replication_v2.log.pdf , page42 used on input line 207.
(pdftex.def)             Requested size: 597.78697pt x 773.60669pt.
File: log_file/Replication_v2.log.pdf Graphic file (type pdf)
<use log_file/Replication_v2.log.pdf, page 42>
Package pdftex.def Info: log_file/Replication_v2.log.pdf , page42 used on input line 207.
(pdftex.def)             Requested size: 597.78697pt x 773.60669pt.
 [52 <./log_file/Replication_v2.log.pdf>]
<log_file/Replication_v2.log.pdf, id=659, page=43, 614.295pt x 794.97pt>
File: log_file/Replication_v2.log.pdf Graphic file (type pdf)
<use log_file/Replication_v2.log.pdf, page 43>
Package pdftex.def Info: log_file/Replication_v2.log.pdf , page43 used on input line 207.
(pdftex.def)             Requested size: 597.78697pt x 773.60669pt.
File: log_file/Replication_v2.log.pdf Graphic file (type pdf)
<use log_file/Replication_v2.log.pdf, page 43>
Package pdftex.def Info: log_file/Replication_v2.log.pdf , page43 used on input line 207.
(pdftex.def)             Requested size: 597.78697pt x 773.60669pt.
File: log_file/Replication_v2.log.pdf Graphic file (type pdf)
<use log_file/Replication_v2.log.pdf, page 43>
Package pdftex.def Info: log_file/Replication_v2.log.pdf , page43 used on input line 207.
(pdftex.def)             Requested size: 597.78697pt x 773.60669pt.
 [53 <./log_file/Replication_v2.log.pdf>]
<log_file/Replication_v2.log.pdf, id=665, page=44, 614.295pt x 794.97pt>
File: log_file/Replication_v2.log.pdf Graphic file (type pdf)
<use log_file/Replication_v2.log.pdf, page 44>
Package pdftex.def Info: log_file/Replication_v2.log.pdf , page44 used on input line 207.
(pdftex.def)             Requested size: 597.78697pt x 773.60669pt.
File: log_file/Replication_v2.log.pdf Graphic file (type pdf)
<use log_file/Replication_v2.log.pdf, page 44>
Package pdftex.def Info: log_file/Replication_v2.log.pdf , page44 used on input line 207.
(pdftex.def)             Requested size: 597.78697pt x 773.60669pt.
File: log_file/Replication_v2.log.pdf Graphic file (type pdf)
<use log_file/Replication_v2.log.pdf, page 44>
Package pdftex.def Info: log_file/Replication_v2.log.pdf , page44 used on input line 207.
(pdftex.def)             Requested size: 597.78697pt x 773.60669pt.
 [54 <./log_file/Replication_v2.log.pdf>]
<log_file/Replication_v2.log.pdf, id=671, page=45, 614.295pt x 794.97pt>
File: log_file/Replication_v2.log.pdf Graphic file (type pdf)
<use log_file/Replication_v2.log.pdf, page 45>
Package pdftex.def Info: log_file/Replication_v2.log.pdf , page45 used on input line 207.
(pdftex.def)             Requested size: 597.78697pt x 773.60669pt.
File: log_file/Replication_v2.log.pdf Graphic file (type pdf)
<use log_file/Replication_v2.log.pdf, page 45>
Package pdftex.def Info: log_file/Replication_v2.log.pdf , page45 used on input line 207.
(pdftex.def)             Requested size: 597.78697pt x 773.60669pt.
File: log_file/Replication_v2.log.pdf Graphic file (type pdf)
<use log_file/Replication_v2.log.pdf, page 45>
Package pdftex.def Info: log_file/Replication_v2.log.pdf , page45 used on input line 207.
(pdftex.def)             Requested size: 597.78697pt x 773.60669pt.
 [55 <./log_file/Replication_v2.log.pdf>]
<log_file/Replication_v2.log.pdf, id=678, page=46, 614.295pt x 794.97pt>
File: log_file/Replication_v2.log.pdf Graphic file (type pdf)
<use log_file/Replication_v2.log.pdf, page 46>
Package pdftex.def Info: log_file/Replication_v2.log.pdf , page46 used on input line 207.
(pdftex.def)             Requested size: 597.78697pt x 773.60669pt.
File: log_file/Replication_v2.log.pdf Graphic file (type pdf)
<use log_file/Replication_v2.log.pdf, page 46>
Package pdftex.def Info: log_file/Replication_v2.log.pdf , page46 used on input line 207.
(pdftex.def)             Requested size: 597.78697pt x 773.60669pt.
File: log_file/Replication_v2.log.pdf Graphic file (type pdf)
<use log_file/Replication_v2.log.pdf, page 46>
Package pdftex.def Info: log_file/Replication_v2.log.pdf , page46 used on input line 207.
(pdftex.def)             Requested size: 597.78697pt x 773.60669pt.
 [56 <./log_file/Replication_v2.log.pdf>]
<log_file/Replication_v2.log.pdf, id=684, page=47, 614.295pt x 794.97pt>
File: log_file/Replication_v2.log.pdf Graphic file (type pdf)
<use log_file/Replication_v2.log.pdf, page 47>
Package pdftex.def Info: log_file/Replication_v2.log.pdf , page47 used on input line 207.
(pdftex.def)             Requested size: 597.78697pt x 773.60669pt.
File: log_file/Replication_v2.log.pdf Graphic file (type pdf)
<use log_file/Replication_v2.log.pdf, page 47>
Package pdftex.def Info: log_file/Replication_v2.log.pdf , page47 used on input line 207.
(pdftex.def)             Requested size: 597.78697pt x 773.60669pt.
File: log_file/Replication_v2.log.pdf Graphic file (type pdf)
<use log_file/Replication_v2.log.pdf, page 47>
Package pdftex.def Info: log_file/Replication_v2.log.pdf , page47 used on input line 207.
(pdftex.def)             Requested size: 597.78697pt x 773.60669pt.
 [57 <./log_file/Replication_v2.log.pdf>]
<log_file/Replication_v2.log.pdf, id=690, page=48, 614.295pt x 794.97pt>
File: log_file/Replication_v2.log.pdf Graphic file (type pdf)
<use log_file/Replication_v2.log.pdf, page 48>
Package pdftex.def Info: log_file/Replication_v2.log.pdf , page48 used on input line 207.
(pdftex.def)             Requested size: 597.78697pt x 773.60669pt.
File: log_file/Replication_v2.log.pdf Graphic file (type pdf)
<use log_file/Replication_v2.log.pdf, page 48>
Package pdftex.def Info: log_file/Replication_v2.log.pdf , page48 used on input line 207.
(pdftex.def)             Requested size: 597.78697pt x 773.60669pt.
File: log_file/Replication_v2.log.pdf Graphic file (type pdf)
<use log_file/Replication_v2.log.pdf, page 48>
Package pdftex.def Info: log_file/Replication_v2.log.pdf , page48 used on input line 207.
(pdftex.def)             Requested size: 597.78697pt x 773.60669pt.
 [58 <./log_file/Replication_v2.log.pdf>]
<log_file/Replication_v2.log.pdf, id=696, page=49, 614.295pt x 794.97pt>
File: log_file/Replication_v2.log.pdf Graphic file (type pdf)
<use log_file/Replication_v2.log.pdf, page 49>
Package pdftex.def Info: log_file/Replication_v2.log.pdf , page49 used on input line 207.
(pdftex.def)             Requested size: 597.78697pt x 773.60669pt.
File: log_file/Replication_v2.log.pdf Graphic file (type pdf)
<use log_file/Replication_v2.log.pdf, page 49>
Package pdftex.def Info: log_file/Replication_v2.log.pdf , page49 used on input line 207.
(pdftex.def)             Requested size: 597.78697pt x 773.60669pt.
File: log_file/Replication_v2.log.pdf Graphic file (type pdf)
<use log_file/Replication_v2.log.pdf, page 49>
Package pdftex.def Info: log_file/Replication_v2.log.pdf , page49 used on input line 207.
(pdftex.def)             Requested size: 597.78697pt x 773.60669pt.
 [59 <./log_file/Replication_v2.log.pdf>] (./jfm-instructions.aux)
Package rerunfilecheck Info: File `jfm-instructions.out' has not changed.
(rerunfilecheck)             Checksum: 19FDDF1F413A6D3A7964AD999628C15F;1635.
 ) 
Here is how much of TeX's memory you used:
 15444 strings out of 478287
 235562 string characters out of 5849289
 685791 words of memory out of 5000000
 33065 multiletter control sequences out of 15000+600000
 523294 words of font info for 142 fonts, out of 8000000 for 9000
 1141 hyphenation exceptions out of 8191
 70i,17n,76p,1998b,2602s stack positions out of 5000i,500n,10000p,200000b,80000s
{/usr/share/texmf/fonts/enc/dvips/cm-super/cm-super-ts1.enc}{/usr/share/texlive/texmf-dist/fonts/enc/dvips/base/8r.enc}</usr/share/texlive/texmf-dist/fonts/type1/public/amsfonts/cm/cmex10.pfb></usr/share/texlive/texmf-dist/fonts/type1/public/amsfonts/cm/cmmi10.pfb></usr/share/texlive/texmf-dist/fonts/type1/public/amsfonts/cm/cmr10.pfb></usr/share/texlive/texmf-dist/fonts/type1/public/amsfonts/cm/cmsy10.pfb></usr/share/texlive/texmf-dist/fonts/type1/public/amsfonts/cm/cmtt10.pfb></usr/share/texmf/fonts/type1/public/cm-super/sftt1000.pfb></usr/share/texlive/texmf-dist/fonts/type1/urw/symbol/usyr.pfb></usr/share/texlive/texmf-dist/fonts/type1/urw/times/utmb8a.pfb></usr/share/texlive/texmf-dist/fonts/type1/urw/times/utmr8a.pfb></usr/share/texlive/texmf-dist/fonts/type1/urw/times/utmri8a.pfb>
Output written on jfm-instructions.pdf (59 pages, 317735 bytes).
PDF statistics:
 818 PDF objects out of 1000 (max. 8388607)
 674 compressed objects within 7 object streams
 319 named destinations out of 1000 (max. 500000)
 341 words of extra memory for PDF output out of 10000 (max. 10000000)

